Determining if the pthread_create exist failed with the following output:
Change Dir: /home/youbot/catkin_li213/build/CMakeFiles/CMakeTmp

Run Build Command:/usr/bin/make "cmTryCompileExec1728319816/fast"
/usr/bin/make -f CMakeFiles/cmTryCompileExec1728319816.dir/build.make CMakeFiles/cmTryCompileExec1728319816.dir/build
make[1]: Entering directory `/home/youbot/catkin_li213/build/CMakeFiles/CMakeTmp'
/usr/bin/cmake -E cmake_progress_report /home/youbot/catkin_li213/build/CMakeFiles/CMakeTmp/CMakeFiles 1
Building C object CMakeFiles/cmTryCompileExec1728319816.dir/CheckSymbolExists.c.o
/usr/bin/cc    -o CMakeFiles/cmTryCompileExec1728319816.dir/CheckSymbolExists.c.o   -c /home/youbot/catkin_li213/build/CMakeFiles/CMakeTmp/CheckSymbolExists.c
Linking C executable cmTryCompileExec1728319816
/usr/bin/cmake -E cmake_link_script CMakeFiles/cmTryCompileExec1728319816.dir/link.txt --verbose=1
/usr/bin/cc       CMakeFiles/cmTryCompileExec1728319816.dir/CheckSymbolExists.c.o  -o cmTryCompileExec1728319816 -rdynamic 
CMakeFiles/cmTryCompileExec1728319816.dir/CheckSymbolExists.c.o: In function `main':
CheckSymbolExists.c:(.text+0xa): undefined reference to `pthread_create'
collect2: error: ld returned 1 exit status
make[1]: Leaving directory `/home/youbot/catkin_li213/build/CMakeFiles/CMakeTmp'
make[1]: *** [cmTryCompileExec1728319816] Error 1
make: *** [cmTryCompileExec1728319816/fast] Error 2

File /home/youbot/catkin_li213/build/CMakeFiles/CMakeTmp/CheckSymbolExists.c:
/* */
#include <pthread.h>

int main(int argc, char** argv)
{
  (void)argv;
#ifndef pthread_create
  return ((int*)(&pthread_create))[argc];
#else
  (void)argc;
  return 0;
#endif
}

Determining if the function pthread_create exists in the pthreads failed with the following output:
Change Dir: /home/youbot/catkin_li213/build/CMakeFiles/CMakeTmp

Run Build Command:/usr/bin/make "cmTryCompileExec2295936315/fast"
/usr/bin/make -f CMakeFiles/cmTryCompileExec2295936315.dir/build.make CMakeFiles/cmTryCompileExec2295936315.dir/build
make[1]: Entering directory `/home/youbot/catkin_li213/build/CMakeFiles/CMakeTmp'
/usr/bin/cmake -E cmake_progress_report /home/youbot/catkin_li213/build/CMakeFiles/CMakeTmp/CMakeFiles 1
Building C object CMakeFiles/cmTryCompileExec2295936315.dir/CheckFunctionExists.c.o
/usr/bin/cc   -DCHECK_FUNCTION_EXISTS=pthread_create   -o CMakeFiles/cmTryCompileExec2295936315.dir/CheckFunctionExists.c.o   -c /usr/share/cmake-2.8/Modules/CheckFunctionExists.c
Linking C executable cmTryCompileExec2295936315
/usr/bin/cmake -E cmake_link_script CMakeFiles/cmTryCompileExec2295936315.dir/link.txt --verbose=1
/usr/bin/cc   -DCHECK_FUNCTION_EXISTS=pthread_create    CMakeFiles/cmTryCompileExec2295936315.dir/CheckFunctionExists.c.o  -o cmTryCompileExec2295936315 -rdynamic -lpthreads 
/usr/bin/ld: cannot find -lpthreads
collect2: error: ld returned 1 exit status
make[1]: *** [cmTryCompileExec2295936315] Error 1
make[1]: Leaving directory `/home/youbot/catkin_li213/build/CMakeFiles/CMakeTmp'
make: *** [cmTryCompileExec2295936315/fast] Error 2


